j:\编程语言\c++\mfc\上机\oopxe4\debug\oopxe4.pch
j:\编程语言\c++\mfc\上机\oopxe4\debug\vc120.pdb
j:\编程语言\c++\mfc\上机\oopxe4\debug\vc120.idb
j:\编程语言\c++\mfc\上机\oopxe4\debug\stdafx.obj
j:\编程语言\c++\mfc\上机\oopxe4\debug\oopxe4.obj
j:\编程语言\c++\mfc\上机\oopxe4\debug\oopxe4dlg.obj
j:\编程语言\c++\mfc\上机\oopxe4\debug\student.obj
j:\编程语言\c++\mfc\上机\oopxe4\debug\oopxe4.res
j:\编程语言\c++\mfc\上机\oopxe4\debug\oopxe4.ilk
j:\编程语言\c++\mfc\上机\oopxe4\debug\oopxe4.exe
j:\编程语言\c++\mfc\上机\oopxe4\debug\oopxe4.pdb
j:\编程语言\c++\mfc\上机\oopxe4\debug\oopxe4.tlog\cl.read.1.tlog
j:\编程语言\c++\mfc\上机\oopxe4\debug\oopxe4.tlog\cl.write.1.tlog
j:\编程语言\c++\mfc\上机\oopxe4\debug\oopxe4.tlog\cl.command.1.tlog
j:\编程语言\c++\mfc\上机\oopxe4\debug\oopxe4.tlog\rc.read.1.tlog
j:\编程语言\c++\mfc\上机\oopxe4\debug\oopxe4.tlog\rc.write.1.tlog
j:\编程语言\c++\mfc\上机\oopxe4\debug\oopxe4.tlog\rc.command.1.tlog
j:\编程语言\c++\mfc\上机\oopxe4\debug\oopxe4.tlog\link.read.1.tlog
j:\编程语言\c++\mfc\上机\oopxe4\debug\oopxe4.tlog\link.write.1.tlog
j:\编程语言\c++\mfc\上机\oopxe4\debug\oopxe4.tlog\link.command.1.tlog
